Arguments: 
  /usr/local/bin/node /usr/share/yarn/bin/yarn.js

PATH: 
  /home/ahmadou/.local/bin:/usr/local/sbin:/usr/local/bin:/usr/sbin:/usr/bin:/sbin:/bin:/usr/games:/usr/local/games:/snap/bin:/snap/bin

Yarn version: 
  1.22.19

Node version: 
  21.6.1

Platform: 
  linux x64

Trace: 
  AggregateError [ETIMEDOUT]: 
      at internalConnectMultiple (node:net:1116:18)
      at internalConnectMultiple (node:net:1184:5)
      at Timeout.internalConnectMultipleTimeout (node:net:1707:5)
      at listOnTimeout (node:internal/timers:575:11)
      at process.processTimers (node:internal/timers:514:7)

npm manifest: 
  {
    "name": "bots",
    "version": "1.0.0",
    "description": "",
    "main": "index.js",
    "scripts": {
      "test": "echo \"Error: no test specified\" && exit 1",
      "build": "rimraf dist/* && tsc",
      "start": "tsc && node dist/app.js",
      "dev": "nodemon --exec 'ts-node -r tsconfig-paths/register' src/index.ts",
      "dev1": "ts-node -r tsconfig-paths/register src/index.ts"
    },
    "author": "ahmadou5",
    "license": "ISC",
    "dependencies": {
      "@supabase/supabase-js": "^2.44.4",
      "axios": "^1.7.3",
      "body-parser": "^1.20.2",
      "compression": "^1.7.4",
      "cors": "^2.8.5",
      "dotenv": "^16.4.5",
      "express": "^4.19.2",
      "fs": "^0.0.1-security",
      "helmet": "^7.1.0",
      "morgan": "^1.10.0",
      "node-telegram-bot-api": "^0.63.0",
      "socks5-https-client": "^1.2.1",
      "telegraf": "^4.16.3",
      "winston": "^3.14.1",
      "zod": "^3.23.8"
    },
    "devDependencies": {
      "@types/compression": "^1.7.5",
      "@types/cors": "^2.8.17",
      "@types/express": "^4.17.21",
      "@types/morgan": "^1.9.9",
      "@types/node": "^22.2.0",
      "nodemon": "^3.1.4",
      "reflect-metadata": "^0.1.14",
      "rimraf": "^6.0.1",
      "ts-node": "^10.9.2",
      "tsconfig-paths": "^4.2.0",
      "tsyringe": "^4.8.0",
      "typescript": "^5.5.4"
    }
  }

yarn manifest: 
  No manifest

Lockfile: 
  No lockfile
